<?xml version="1.0" encoding="UTF-8"?>
<!-- Generated by org.testng.reporters.JUnitXMLReporter -->
<testsuite ignored="5" hostname="DESKTOP-QAMDQO9" failures="0" tests="1" name="Default test" time="9.881" errors="0" timestamp="2023-01-03T11:54:26 EST">
  <testcase classname="test.HomePageTest" name="zaraLogoTest" time="0.761"/>
  <testcase classname="test.HomePageTest" name="clickForgotYourPasswordTest" time="0.0">
    <ignored/>
  </testcase> <!-- clickForgotYourPasswordTest -->
  <testcase classname="test.HomePageTest" name="clickPasswordTest" time="0.0">
    <ignored/>
  </testcase> <!-- clickPasswordTest -->
  <testcase classname="test.HomePageTest" name="inputTextEmailTest" time="0.0">
    <ignored/>
  </testcase> <!-- inputTextEmailTest -->
  <testcase classname="test.HomePageTest" name="clickEmailButtonTest" time="0.0">
    <ignored/>
  </testcase> <!-- clickEmailButtonTest -->
  <testcase classname="test.HomePageTest" name="inputTextPasswordTest" time="0.0">
    <ignored/>
  </testcase> <!-- inputTextPasswordTest -->
</testsuite> <!-- Default test -->
