<?xml version="1.0" encoding="UTF-8"?>
<testng-results ignored="5" total="6" passed="1" failed="0" skipped="0">
  <reporter-output>
  </reporter-output>
  <suite started-at="2023-01-03T11:54:16 EST" name="Default suite" finished-at="2023-01-03T11:54:26 EST" duration-ms="9881">
    <groups>
    </groups>
    <test started-at="2023-01-03T11:54:16 EST" name="Default test" finished-at="2023-01-03T11:54:26 EST" duration-ms="9881">
      <class name="test.HomePageTest">
        <test-method is-config="true" signature="setUp()[pri:0, instance:test.HomePageTest@67f639d3]" started-at="2023-01-03T11:54:17 EST" name="setUp" finished-at="2023-01-03T11:54:25 EST" duration-ms="8699" status="PASS">
          <reporter-output>
          </reporter-output>
        </test-method> <!-- setUp -->
        <test-method signature="zaraLogoTest()[pri:6, instance:test.HomePageTest@67f639d3]" started-at="2023-01-03T11:54:25 EST" name="zaraLogoTest" finished-at="2023-01-03T11:54:26 EST" duration-ms="761" status="PASS">
          <reporter-output>
          </reporter-output>
        </test-method> <!-- zaraLogoTest -->
        <test-method is-config="true" signature="tearUp()[pri:0, instance:test.HomePageTest@67f639d3]" started-at="2023-01-03T11:54:26 EST" name="tearUp" finished-at="2023-01-03T11:54:26 EST" duration-ms="330" status="PASS">
          <reporter-output>
          </reporter-output>
        </test-method> <!-- tearUp -->
      </class> <!-- test.HomePageTest -->
    </test> <!-- Default test -->
  </suite> <!-- Default suite -->
</testng-results>
